
> landing-page@0.1.0 build /Users/thaithiyennhi/Freelance/go-sclimb/apps/landing-page
> next build

   ▲ Next.js 14.0.1

   Creating an optimized production build ...
 ✓ Compiled successfully
   Linting and checking validity of types ...
   Collecting page data ...
   Generating static pages (0/7) ...
   Generating static pages (1/7) 
   Generating static pages (3/7) 
   Generating static pages (5/7) 
 ✓ Generating static pages (7/7) 
   Finalizing page optimization ...
   Collecting build traces ...

Route (app)                              Size     First Load JS
┌ ○ /                                    1.75 kB         448 kB
├ ○ /_not-found                          887 B          86.5 kB
├ ○ /first-visit                         420 B           446 kB
└ ○ /pricing                             406 B           446 kB
+ First Load JS shared by all            85.7 kB
  ├ chunks/1d0185a0-3897c62afaabe0dc.js  53.2 kB
  ├ chunks/302-1ab9f830f500ae06.js       30.1 kB
  ├ chunks/main-app-50654f92f26bb4f8.js  239 B
  └ chunks/webpack-11b3321675a287eb.js   2.12 kB


○  (Static)  prerendered as static HTML

